<?xml version="1.0" encoding="UTF-8"?>
<testng-results total="1" passed="1" failed="0" skipped="0">
  <reporter-output>
  </reporter-output>
  <suite started-at="2023-12-16T02:01:28Z" name="Default suite" finished-at="2023-12-16T02:02:14Z" duration-ms="46019">
    <groups>
    </groups>
    <test started-at="2023-12-16T02:01:28Z" name="Default test" finished-at="2023-12-16T02:02:14Z" duration-ms="46019">
      <class name="testPage.CostumerListTest">
        <test-method signature="costumerListTest()[pri:0, instance:testPage.CostumerListTest@29caf222]" started-at="2023-12-15T20:01:28Z" name="costumerListTest" finished-at="2023-12-15T20:02:14Z" duration-ms="46011" status="PASS">
          <reporter-output>
          </reporter-output>
        </test-method> <!-- costumerListTest -->
      </class> <!-- testPage.CostumerListTest -->
    </test> <!-- Default test -->
  </suite> <!-- Default suite -->
</testng-results>
