<?xml version="1.0" encoding="UTF-8"?>
<testng-results total="1" passed="1" failed="0" skipped="0">
  <reporter-output>
  </reporter-output>
  <suite started-at="2023-12-10T00:52:22Z" name="Default suite" finished-at="2023-12-10T00:53:03Z" duration-ms="41685">
    <groups>
    </groups>
    <test started-at="2023-12-10T00:52:22Z" name="Default test" finished-at="2023-12-10T00:53:03Z" duration-ms="41685">
      <class name="testPage.AddCustomerTest">
        <test-method signature="addCustomerTest()[pri:0, instance:testPage.AddCustomerTest@41ab013]" started-at="2023-12-09T18:52:22Z" name="addCustomerTest" finished-at="2023-12-09T18:53:03Z" duration-ms="41673" status="PASS">
          <reporter-output>
          </reporter-output>
        </test-method> <!-- addCustomerTest -->
      </class> <!-- testPage.AddCustomerTest -->
    </test> <!-- Default test -->
  </suite> <!-- Default suite -->
</testng-results>
